# JRE version: OpenJDK Runtime Environment (8.0_152-b01) (build 1.8.0_152-release-915-b01)
# Java VM: OpenJDK 64-Bit Server VM (25.152-b01 mixed mode windows-amd64 compressed oops)
Heap:
 PSYoungGen      total 143360K, used 94124K [0x00000000f5580000, 0x0000000100000000, 0x0000000100000000)
  eden space 130048K, 62% used [0x00000000f5580000,0x00000000fa46d228,0x00000000fd480000)
  from space 13312K, 99% used [0x00000000fd480000,0x00000000fe17dde8,0x00000000fe180000)
  to   space 15360K, 0% used [0x00000000ff100000,0x00000000ff100000,0x0000000100000000)
 ParOldGen       total 99840K, used 19378K [0x00000000e0000000, 0x00000000e6180000, 0x00000000f5580000)
  object space 99840K, 19% used [0x00000000e0000000,0x00000000e12ecae8,0x00000000e6180000)
 Metaspace       used 50107K, capacity 51658K, committed 51840K, reserved 1093632K
  class space    used 6722K, capacity 7187K, committed 7296K, reserved 1048576K
GC Heap History (10 events):
Event: 11.171 GC heap before
{Heap before GC invocations=7 (full 1):
 PSYoungGen      total 71680K, used 71663K [0x00000000f5580000, 0x00000000fc980000, 0x0000000100000000)
  eden space 66560K, 100% used [0x00000000f5580000,0x00000000f9680000,0x00000000f9680000)
  from space 5120K, 99% used [0x00000000f9680000,0x00000000f9b7bd90,0x00000000f9b80000)
  to   space 10240K, 0% used [0x00000000fbf80000,0x00000000fbf80000,0x00000000fc980000)
 ParOldGen       total 64512K, used 10865K [0x00000000e0000000, 0x00000000e3f00000, 0x00000000f5580000)
  object space 64512K, 16% used [0x00000000e0000000,0x00000000e0a9c740,0x00000000e3f00000)
 Metaspace       used 31317K, capacity 32146K, committed 32384K, reserved 1077248K
  class space    used 4312K, capacity 4616K, committed 4736K, reserved 1048576K
Event: 11.185 GC heap after
Heap after GC invocations=7 (full 1):
 PSYoungGen      total 105472K, used 9955K [0x00000000f5580000, 0x00000000fc980000, 0x0000000100000000)
  eden space 95232K, 0% used [0x00000000f5580000,0x00000000f5580000,0x00000000fb280000)
  from space 10240K, 97% used [0x00000000fbf80000,0x00000000fc938f78,0x00000000fc980000)
  to   space 11776K, 0% used [0x00000000fb280000,0x00000000fb280000,0x00000000fbe00000)
 ParOldGen       total 64512K, used 10937K [0x00000000e0000000, 0x00000000e3f00000, 0x00000000f5580000)
  object space 64512K, 16% used [0x00000000e0000000,0x00000000e0aae750,0x00000000e3f00000)
 Metaspace       used 31317K, capacity 32146K, committed 32384K, reserved 1077248K
  class space    used 4312K, capacity 4616K, committed 4736K, reserved 1048576K
}
Event: 17.636 GC heap before
{Heap before GC invocations=8 (full 1):
 PSYoungGen      total 105472K, used 76365K [0x00000000f5580000, 0x00000000fc980000, 0x0000000100000000)
  eden space 95232K, 69% used [0x00000000f5580000,0x00000000f965a790,0x00000000fb280000)
  from space 10240K, 97% used [0x00000000fbf80000,0x00000000fc938f78,0x00000000fc980000)
  to   space 11776K, 0% used [0x00000000fb280000,0x00000000fb280000,0x00000000fbe00000)
 ParOldGen       total 64512K, used 10937K [0x00000000e0000000, 0x00000000e3f00000, 0x00000000f5580000)
  object space 64512K, 16% used [0x00000000e0000000,0x00000000e0aae750,0x00000000e3f00000)
 Metaspace       used 34294K, capacity 35238K, committed 35416K, reserved 1079296K
  class space    used 4668K, capacity 5009K, committed 5120K, reserved 1048576K
Event: 17.647 GC heap after
Heap after GC invocations=8 (full 1):
 PSYoungGen      total 107008K, used 10665K [0x00000000f5580000, 0x00000000fee00000, 0x0000000100000000)
  eden space 95232K, 0% used [0x00000000f5580000,0x00000000f5580000,0x00000000fb280000)
  from space 11776K, 90% used [0x00000000fb280000,0x00000000fbcea528,0x00000000fbe00000)
  to   space 12800K, 0% used [0x00000000fe180000,0x00000000fe180000,0x00000000fee00000)
 ParOldGen       total 64512K, used 10945K [0x00000000e0000000, 0x00000000e3f00000, 0x00000000f5580000)
  object space 64512K, 16% used [0x00000000e0000000,0x00000000e0ab0750,0x00000000e3f00000)
 Metaspace       used 34294K, capacity 35238K, committed 35416K, reserved 1079296K
  class space    used 4668K, capacity 5009K, committed 5120K, reserved 1048576K
}
Event: 17.647 GC heap before
{Heap before GC invocations=9 (full 2):
 PSYoungGen      total 107008K, used 10665K [0x00000000f5580000, 0x00000000fee00000, 0x0000000100000000)
  eden space 95232K, 0% used [0x00000000f5580000,0x00000000f5580000,0x00000000fb280000)
  from space 11776K, 90% used [0x00000000fb280000,0x00000000fbcea528,0x00000000fbe00000)
  to   space 12800K, 0% used [0x00000000fe180000,0x00000000fe180000,0x00000000fee00000)
 ParOldGen       total 64512K, used 10945K [0x00000000e0000000, 0x00000000e3f00000, 0x00000000f5580000)
  object space 64512K, 16% used [0x00000000e0000000,0x00000000e0ab0750,0x00000000e3f00000)
 Metaspace       used 34294K, capacity 35238K, committed 35416K, reserved 1079296K
  class space    used 4668K, capacity 5009K, committed 5120K, reserved 1048576K
Event: 17.734 GC heap after
Heap after GC invocations=9 (full 2):
 PSYoungGen      total 107008K, used 0K [0x00000000f5580000, 0x00000000fee00000, 0x0000000100000000)
  eden space 95232K, 0% used [0x00000000f5580000,0x00000000f5580000,0x00000000fb280000)
  from space 11776K, 0% used [0x00000000fb280000,0x00000000fb280000,0x00000000fbe00000)
  to   space 12800K, 0% used [0x00000000fe180000,0x00000000fe180000,0x00000000fee00000)
 ParOldGen       total 99840K, used 17024K [0x00000000e0000000, 0x00000000e6180000, 0x00000000f5580000)
  object space 99840K, 17% used [0x00000000e0000000,0x00000000e10a0370,0x00000000e6180000)
 Metaspace       used 34294K, capacity 35238K, committed 35416K, reserved 1079296K
  class space    used 4668K, capacity 5009K, committed 5120K, reserved 1048576K
}
Event: 18.928 GC heap before
{Heap before GC invocations=10 (full 2):
 PSYoungGen      total 107008K, used 95232K [0x00000000f5580000, 0x00000000fee00000, 0x0000000100000000)
  eden space 95232K, 100% used [0x00000000f5580000,0x00000000fb280000,0x00000000fb280000)
  from space 11776K, 0% used [0x00000000fb280000,0x00000000fb280000,0x00000000fbe00000)
  to   space 12800K, 0% used [0x00000000fe180000,0x00000000fe180000,0x00000000fee00000)
 ParOldGen       total 99840K, used 17024K [0x00000000e0000000, 0x00000000e6180000, 0x00000000f5580000)
  object space 99840K, 17% used [0x00000000e0000000,0x00000000e10a0370,0x00000000e6180000)
 Metaspace       used 41725K, capacity 42902K, committed 43136K, reserved 1087488K
  class space    used 5564K, capacity 5974K, committed 6016K, reserved 1048576K
Event: 18.945 GC heap after
Heap after GC invocations=10 (full 2):
 PSYoungGen      total 142848K, used 10227K [0x00000000f5580000, 0x00000000ff800000, 0x0000000100000000)
  eden space 130048K, 0% used [0x00000000f5580000,0x00000000f5580000,0x00000000fd480000)
  from space 12800K, 79% used [0x00000000fe180000,0x00000000feb7cd40,0x00000000fee00000)
  to   space 13312K, 0% used [0x00000000fd480000,0x00000000fd480000,0x00000000fe180000)
 ParOldGen       total 99840K, used 17032K [0x00000000e0000000, 0x00000000e6180000, 0x00000000f5580000)
  object space 99840K, 17% used [0x00000000e0000000,0x00000000e10a2370,0x00000000e6180000)
 Metaspace       used 41725K, capacity 42902K, committed 43136K, reserved 1087488K
  class space    used 5564K, capacity 5974K, committed 6016K, reserved 1048576K
}
Event: 20.711 GC heap before
{Heap before GC invocations=11 (full 2):
 PSYoungGen      total 142848K, used 140275K [0x00000000f5580000, 0x00000000ff800000, 0x0000000100000000)
  eden space 130048K, 100% used [0x00000000f5580000,0x00000000fd480000,0x00000000fd480000)
  from space 12800K, 79% used [0x00000000fe180000,0x00000000feb7cd40,0x00000000fee00000)
  to   space 13312K, 0% used [0x00000000fd480000,0x00000000fd480000,0x00000000fe180000)
 ParOldGen       total 99840K, used 17032K [0x00000000e0000000, 0x00000000e6180000, 0x00000000f5580000)
  object space 99840K, 17% used [0x00000000e0000000,0x00000000e10a2370,0x00000000e6180000)
 Metaspace       used 47891K, capacity 49166K, committed 49408K, reserved 1091584K
  class space    used 6423K, capacity 6874K, committed 6912K, reserved 1048576K
Event: 20.741 GC heap after
Heap after GC invocations=11 (full 2):
 PSYoungGen      total 143360K, used 13303K [0x00000000f5580000, 0x0000000100000000, 0x0000000100000000)
  eden space 130048K, 0% used [0x00000000f5580000,0x00000000f5580000,0x00000000fd480000)
  from space 13312K, 99% used [0x00000000fd480000,0x00000000fe17dde8,0x00000000fe180000)
  to   space 15360K, 0% used [0x00000000ff100000,0x00000000ff100000,0x0000000100000000)
 ParOldGen       total 99840K, used 19378K [0x00000000e0000000, 0x00000000e6180000, 0x00000000f5580000)
  object space 99840K, 19% used [0x00000000e0000000,0x00000000e12ecae8,0x00000000e6180000)
 Metaspace       used 47891K, capacity 49166K, committed 49408K, reserved 1091584K
  class space    used 6423K, capacity 6874K, committed 6912K, reserved 1048576K
}

