# JRE version: OpenJDK Runtime Environment (8.0_152-b01) (build 1.8.0_152-release-915-b01)
# Java VM: OpenJDK 64-Bit Server VM (25.152-b01 mixed mode windows-amd64 compressed oops)
Heap:
 PSYoungGen      total 114688K, used 45131K [0x00000000f5580000, 0x00000000ffa00000, 0x0000000100000000)
  eden space 58880K, 53% used [0x00000000f5580000,0x00000000f74387d0,0x00000000f8f00000)
  from space 55808K, 24% used [0x00000000f8f00000,0x00000000f9c5a7c8,0x00000000fc580000)
  to   space 51712K, 0% used [0x00000000fc780000,0x00000000fc780000,0x00000000ffa00000)
 ParOldGen       total 212992K, used 155717K [0x00000000e0000000, 0x00000000ed000000, 0x00000000f5580000)
  object space 212992K, 73% used [0x00000000e0000000,0x00000000e9811420,0x00000000ed000000)
 Metaspace       used 81384K, capacity 86770K, committed 87188K, reserved 1124352K
  class space    used 10303K, capacity 11489K, committed 11668K, reserved 1048576K
GC Heap History (10 events):
Event: 2237.126 GC heap before
{Heap before GC invocations=47 (full 4):
 PSYoungGen      total 116736K, used 58976K [0x00000000f5580000, 0x0000000100000000, 0x0000000100000000)
  eden space 58880K, 100% used [0x00000000f5580000,0x00000000f8f00000,0x00000000f8f00000)
  from space 57856K, 0% used [0x00000000fc780000,0x00000000fc798000,0x0000000100000000)
  to   space 57856K, 0% used [0x00000000f8f00000,0x00000000f8f00000,0x00000000fc780000)
 ParOldGen       total 212992K, used 147079K [0x00000000e0000000, 0x00000000ed000000, 0x00000000f5580000)
  object space 212992K, 69% used [0x00000000e0000000,0x00000000e8fa1d98,0x00000000ed000000)
 Metaspace       used 80835K, capacity 85882K, committed 86292K, reserved 1124352K
  class space    used 10245K, capacity 11366K, committed 11540K, reserved 1048576K
Event: 2237.134 GC heap after
Heap after GC invocations=47 (full 4):
 PSYoungGen      total 116736K, used 1264K [0x00000000f5580000, 0x0000000100000000, 0x0000000100000000)
  eden space 58880K, 0% used [0x00000000f5580000,0x00000000f5580000,0x00000000f8f00000)
  from space 57856K, 2% used [0x00000000f8f00000,0x00000000f903c068,0x00000000fc780000)
  to   space 57856K, 0% used [0x00000000fc780000,0x00000000fc780000,0x0000000100000000)
 ParOldGen       total 212992K, used 147103K [0x00000000e0000000, 0x00000000ed000000, 0x00000000f5580000)
  object space 212992K, 69% used [0x00000000e0000000,0x00000000e8fa7d98,0x00000000ed000000)
 Metaspace       used 80835K, capacity 85882K, committed 86292K, reserved 1124352K
  class space    used 10245K, capacity 11366K, committed 11540K, reserved 1048576K
}
Event: 2251.913 GC heap before
{Heap before GC invocations=48 (full 4):
 PSYoungGen      total 116736K, used 60144K [0x00000000f5580000, 0x0000000100000000, 0x0000000100000000)
  eden space 58880K, 100% used [0x00000000f5580000,0x00000000f8f00000,0x00000000f8f00000)
  from space 57856K, 2% used [0x00000000f8f00000,0x00000000f903c068,0x00000000fc780000)
  to   space 57856K, 0% used [0x00000000fc780000,0x00000000fc780000,0x0000000100000000)
 ParOldGen       total 212992K, used 147103K [0x00000000e0000000, 0x00000000ed000000, 0x00000000f5580000)
  object space 212992K, 69% used [0x00000000e0000000,0x00000000e8fa7d98,0x00000000ed000000)
 Metaspace       used 80970K, capacity 86056K, committed 86292K, reserved 1124352K
  class space    used 10263K, capacity 11415K, committed 11540K, reserved 1048576K
Event: 2251.918 GC heap after
Heap after GC invocations=48 (full 4):
 PSYoungGen      total 116736K, used 1920K [0x00000000f5580000, 0x0000000100000000, 0x0000000100000000)
  eden space 58880K, 0% used [0x00000000f5580000,0x00000000f5580000,0x00000000f8f00000)
  from space 57856K, 3% used [0x00000000fc780000,0x00000000fc960000,0x0000000100000000)
  to   space 57856K, 0% used [0x00000000f8f00000,0x00000000f8f00000,0x00000000fc780000)
 ParOldGen       total 212992K, used 147573K [0x00000000e0000000, 0x00000000ed000000, 0x00000000f5580000)
  object space 212992K, 69% used [0x00000000e0000000,0x00000000e901d7e8,0x00000000ed000000)
 Metaspace       used 80970K, capacity 86056K, committed 86292K, reserved 1124352K
  class space    used 10263K, capacity 11415K, committed 11540K, reserved 1048576K
}
Event: 2252.248 GC heap before
{Heap before GC invocations=49 (full 4):
 PSYoungGen      total 116736K, used 60800K [0x00000000f5580000, 0x0000000100000000, 0x0000000100000000)
  eden space 58880K, 100% used [0x00000000f5580000,0x00000000f8f00000,0x00000000f8f00000)
  from space 57856K, 3% used [0x00000000fc780000,0x00000000fc960000,0x0000000100000000)
  to   space 57856K, 0% used [0x00000000f8f00000,0x00000000f8f00000,0x00000000fc780000)
 ParOldGen       total 212992K, used 147573K [0x00000000e0000000, 0x00000000ed000000, 0x00000000f5580000)
  object space 212992K, 69% used [0x00000000e0000000,0x00000000e901d7e8,0x00000000ed000000)
 Metaspace       used 81114K, capacity 86342K, committed 86676K, reserved 1124352K
  class space    used 10283K, capacity 11452K, committed 11668K, reserved 1048576K
Event: 2252.253 GC heap after
Heap after GC invocations=49 (full 4):
 PSYoungGen      total 116736K, used 3184K [0x00000000f5580000, 0x0000000100000000, 0x0000000100000000)
  eden space 58880K, 0% used [0x00000000f5580000,0x00000000f5580000,0x00000000f8f00000)
  from space 57856K, 5% used [0x00000000f8f00000,0x00000000f921c0c0,0x00000000fc780000)
  to   space 57856K, 0% used [0x00000000fc780000,0x00000000fc780000,0x0000000100000000)
 ParOldGen       total 212992K, used 148913K [0x00000000e0000000, 0x00000000ed000000, 0x00000000f5580000)
  object space 212992K, 69% used [0x00000000e0000000,0x00000000e916c5e0,0x00000000ed000000)
 Metaspace       used 81114K, capacity 86342K, committed 86676K, reserved 1124352K
  class space    used 10283K, capacity 11452K, committed 11668K, reserved 1048576K
}
Event: 2260.309 GC heap before
{Heap before GC invocations=50 (full 4):
 PSYoungGen      total 116736K, used 62064K [0x00000000f5580000, 0x0000000100000000, 0x0000000100000000)
  eden space 58880K, 100% used [0x00000000f5580000,0x00000000f8f00000,0x00000000f8f00000)
  from space 57856K, 5% used [0x00000000f8f00000,0x00000000f921c0c0,0x00000000fc780000)
  to   space 57856K, 0% used [0x00000000fc780000,0x00000000fc780000,0x0000000100000000)
 ParOldGen       total 212992K, used 148913K [0x00000000e0000000, 0x00000000ed000000, 0x00000000f5580000)
  object space 212992K, 69% used [0x00000000e0000000,0x00000000e916c5e0,0x00000000ed000000)
 Metaspace       used 81325K, capacity 86696K, committed 86932K, reserved 1124352K
  class space    used 10302K, capacity 11487K, committed 11668K, reserved 1048576K
Event: 2260.319 GC heap after
Heap after GC invocations=50 (full 4):
 PSYoungGen      total 112640K, used 6992K [0x00000000f5580000, 0x00000000ffc00000, 0x0000000100000000)
  eden space 58880K, 0% used [0x00000000f5580000,0x00000000f5580000,0x00000000f8f00000)
  from space 53760K, 13% used [0x00000000fc780000,0x00000000fce54398,0x00000000ffc00000)
  to   space 55808K, 0% used [0x00000000f8f00000,0x00000000f8f00000,0x00000000fc580000)
 ParOldGen       total 212992K, used 149841K [0x00000000e0000000, 0x00000000ed000000, 0x00000000f5580000)
  object space 212992K, 70% used [0x00000000e0000000,0x00000000e9254620,0x00000000ed000000)
 Metaspace       used 81325K, capacity 86696K, committed 86932K, reserved 1124352K
  class space    used 10302K, capacity 11487K, committed 11668K, reserved 1048576K
}
Event: 2260.937 GC heap before
{Heap before GC invocations=51 (full 4):
 PSYoungGen      total 112640K, used 65872K [0x00000000f5580000, 0x00000000ffc00000, 0x0000000100000000)
  eden space 58880K, 100% used [0x00000000f5580000,0x00000000f8f00000,0x00000000f8f00000)
  from space 53760K, 13% used [0x00000000fc780000,0x00000000fce54398,0x00000000ffc00000)
  to   space 55808K, 0% used [0x00000000f8f00000,0x00000000f8f00000,0x00000000fc580000)
 ParOldGen       total 212992K, used 149841K [0x00000000e0000000, 0x00000000ed000000, 0x00000000f5580000)
  object space 212992K, 70% used [0x00000000e0000000,0x00000000e9254620,0x00000000ed000000)
 Metaspace       used 81359K, capacity 86696K, committed 86932K, reserved 1124352K
  class space    used 10302K, capacity 11487K, committed 11668K, reserved 1048576K
Event: 2260.978 GC heap after
Heap after GC invocations=51 (full 4):
 PSYoungGen      total 114688K, used 13673K [0x00000000f5580000, 0x00000000ffa00000, 0x0000000100000000)
  eden space 58880K, 0% used [0x00000000f5580000,0x00000000f5580000,0x00000000f8f00000)
  from space 55808K, 24% used [0x00000000f8f00000,0x00000000f9c5a7c8,0x00000000fc580000)
  to   space 51712K, 0% used [0x00000000fc780000,0x00000000fc780000,0x00000000ffa00000)
 ParOldGen       total 212992K, used 155717K [0x00000000e0000000, 0x00000000ed000000, 0x00000000f5580000)
  object space 212992K, 73% used [0x00000000e0000000,0x00000000e9811420,0x00000000ed000000)
 Metaspace       used 81359K, capacity 86696K, committed 86932K, reserved 1124352K
  class space    used 10302K, capacity 11487K, committed 11668K, reserved 1048576K
}

