# JRE version: OpenJDK Runtime Environment (8.0_152-b01) (build 1.8.0_152-release-915-b01)
# Java VM: OpenJDK 64-Bit Server VM (25.152-b01 mixed mode windows-amd64 compressed oops)
Heap:
 PSYoungGen      total 18944K, used 6614K [0x00000000feb00000, 0x0000000100000000, 0x0000000100000000)
  eden space 16384K, 24% used [0x00000000feb00000,0x00000000feef75d8,0x00000000ffb00000)
  from space 2560K, 99% used [0x00000000ffb00000,0x00000000ffd7e448,0x00000000ffd80000)
  to   space 2560K, 0% used [0x00000000ffd80000,0x00000000ffd80000,0x0000000100000000)
 ParOldGen       total 33792K, used 5654K [0x00000000fc000000, 0x00000000fe100000, 0x00000000feb00000)
  object space 33792K, 16% used [0x00000000fc000000,0x00000000fc585ad0,0x00000000fe100000)
 Metaspace       used 7688K, capacity 7848K, committed 8192K, reserved 1060864K
  class space    used 873K, capacity 956K, committed 1024K, reserved 1048576K
GC Heap History (8 events):
Event: 1.386 GC heap before
{Heap before GC invocations=1 (full 0):
 PSYoungGen      total 18944K, used 5940K [0x00000000feb00000, 0x0000000100000000, 0x0000000100000000)
  eden space 16384K, 36% used [0x00000000feb00000,0x00000000ff0cd318,0x00000000ffb00000)
  from space 2560K, 0% used [0x00000000ffd80000,0x00000000ffd80000,0x0000000100000000)
  to   space 2560K, 0% used [0x00000000ffb00000,0x00000000ffb00000,0x00000000ffd80000)
 ParOldGen       total 44032K, used 0K [0x00000000fc000000, 0x00000000feb00000, 0x00000000feb00000)
  object space 44032K, 0% used [0x00000000fc000000,0x00000000fc000000,0x00000000feb00000)
 Metaspace       used 5277K, capacity 5460K, committed 5632K, reserved 1060864K
  class space    used 603K, capacity 656K, committed 768K, reserved 1048576K
Event: 1.394 GC heap after
Heap after GC invocations=1 (full 0):
 PSYoungGen      total 18944K, used 1861K [0x00000000feb00000, 0x0000000100000000, 0x0000000100000000)
  eden space 16384K, 0% used [0x00000000feb00000,0x00000000feb00000,0x00000000ffb00000)
  from space 2560K, 72% used [0x00000000ffb00000,0x00000000ffcd1688,0x00000000ffd80000)
  to   space 2560K, 0% used [0x00000000ffd80000,0x00000000ffd80000,0x0000000100000000)
 ParOldGen       total 44032K, used 8K [0x00000000fc000000, 0x00000000feb00000, 0x00000000feb00000)
  object space 44032K, 0% used [0x00000000fc000000,0x00000000fc002000,0x00000000feb00000)
 Metaspace       used 5277K, capacity 5460K, committed 5632K, reserved 1060864K
  class space    used 603K, capacity 656K, committed 768K, reserved 1048576K
}
Event: 1.394 GC heap before
{Heap before GC invocations=2 (full 1):
 PSYoungGen      total 18944K, used 1861K [0x00000000feb00000, 0x0000000100000000, 0x0000000100000000)
  eden space 16384K, 0% used [0x00000000feb00000,0x00000000feb00000,0x00000000ffb00000)
  from space 2560K, 72% used [0x00000000ffb00000,0x00000000ffcd1688,0x00000000ffd80000)
  to   space 2560K, 0% used [0x00000000ffd80000,0x00000000ffd80000,0x0000000100000000)
 ParOldGen       total 44032K, used 8K [0x00000000fc000000, 0x00000000feb00000, 0x00000000feb00000)
  object space 44032K, 0% used [0x00000000fc000000,0x00000000fc002000,0x00000000feb00000)
 Metaspace       used 5277K, capacity 5460K, committed 5632K, reserved 1060864K
  class space    used 603K, capacity 656K, committed 768K, reserved 1048576K
Event: 1.475 GC heap after
Heap after GC invocations=2 (full 1):
 PSYoungGen      total 18944K, used 0K [0x00000000feb00000, 0x0000000100000000, 0x0000000100000000)
  eden space 16384K, 0% used [0x00000000feb00000,0x00000000feb00000,0x00000000ffb00000)
  from space 2560K, 0% used [0x00000000ffb00000,0x00000000ffb00000,0x00000000ffd80000)
  to   space 2560K, 0% used [0x00000000ffd80000,0x00000000ffd80000,0x0000000100000000)
 ParOldGen       total 33792K, used 1731K [0x00000000fc000000, 0x00000000fe100000, 0x00000000feb00000)
  object space 33792K, 5% used [0x00000000fc000000,0x00000000fc1b0d08,0x00000000fe100000)
 Metaspace       used 5277K, capacity 5460K, committed 5632K, reserved 1058816K
  class space    used 603K, capacity 656K, committed 768K, reserved 1048576K
}
Event: 2.100 GC heap before
{Heap before GC invocations=3 (full 1):
 PSYoungGen      total 18944K, used 16384K [0x00000000feb00000, 0x0000000100000000, 0x0000000100000000)
  eden space 16384K, 100% used [0x00000000feb00000,0x00000000ffb00000,0x00000000ffb00000)
  from space 2560K, 0% used [0x00000000ffb00000,0x00000000ffb00000,0x00000000ffd80000)
  to   space 2560K, 0% used [0x00000000ffd80000,0x00000000ffd80000,0x0000000100000000)
 ParOldGen       total 33792K, used 1731K [0x00000000fc000000, 0x00000000fe100000, 0x00000000feb00000)
  object space 33792K, 5% used [0x00000000fc000000,0x00000000fc1b0d08,0x00000000fe100000)
 Metaspace       used 6594K, capacity 6746K, committed 7040K, reserved 1058816K
  class space    used 772K, capacity 823K, committed 896K, reserved 1048576K
Event: 2.158 GC heap after
Heap after GC invocations=3 (full 1):
 PSYoungGen      total 18944K, used 2528K [0x00000000feb00000, 0x0000000100000000, 0x0000000100000000)
  eden space 16384K, 0% used [0x00000000feb00000,0x00000000feb00000,0x00000000ffb00000)
  from space 2560K, 98% used [0x00000000ffd80000,0x00000000ffff8010,0x0000000100000000)
  to   space 2560K, 0% used [0x00000000ffb00000,0x00000000ffb00000,0x00000000ffd80000)
 ParOldGen       total 33792K, used 3715K [0x00000000fc000000, 0x00000000fe100000, 0x00000000feb00000)
  object space 33792K, 10% used [0x00000000fc000000,0x00000000fc3a0d00,0x00000000fe100000)
 Metaspace       used 6594K, capacity 6746K, committed 7040K, reserved 1058816K
  class space    used 772K, capacity 823K, committed 896K, reserved 1048576K
}
Event: 4.208 GC heap before
{Heap before GC invocations=4 (full 1):
 PSYoungGen      total 18944K, used 18912K [0x00000000feb00000, 0x0000000100000000, 0x0000000100000000)
  eden space 16384K, 100% used [0x00000000feb00000,0x00000000ffb00000,0x00000000ffb00000)
  from space 2560K, 98% used [0x00000000ffd80000,0x00000000ffff8010,0x0000000100000000)
  to   space 2560K, 0% used [0x00000000ffb00000,0x00000000ffb00000,0x00000000ffd80000)
 ParOldGen       total 33792K, used 3715K [0x00000000fc000000, 0x00000000fe100000, 0x00000000feb00000)
  object space 33792K, 10% used [0x00000000fc000000,0x00000000fc3a0d00,0x00000000fe100000)
 Metaspace       used 7675K, capacity 7848K, committed 8192K, reserved 1060864K
  class space    used 873K, capacity 956K, committed 1024K, reserved 1048576K
Event: 4.380 GC heap after
Heap after GC invocations=4 (full 1):
 PSYoungGen      total 18944K, used 2553K [0x00000000feb00000, 0x0000000100000000, 0x0000000100000000)
  eden space 16384K, 0% used [0x00000000feb00000,0x00000000feb00000,0x00000000ffb00000)
  from space 2560K, 99% used [0x00000000ffb00000,0x00000000ffd7e448,0x00000000ffd80000)
  to   space 2560K, 0% used [0x00000000ffd80000,0x00000000ffd80000,0x0000000100000000)
 ParOldGen       total 33792K, used 5654K [0x00000000fc000000, 0x00000000fe100000, 0x00000000feb00000)
  object space 33792K, 16% used [0x00000000fc000000,0x00000000fc585ad0,0x00000000fe100000)
 Metaspace       used 7675K, capacity 7848K, committed 8192K, reserved 1060864K
  class space    used 873K, capacity 956K, committed 1024K, reserved 1048576K
}

